mode: set
github.com/raditpan/prodConfigChecker/cmd/html_helper.go:17.71,24.38 5 0
github.com/raditpan/prodConfigChecker/cmd/html_helper.go:39.2,42.23 3 0
github.com/raditpan/prodConfigChecker/cmd/html_helper.go:24.38,37.4 12 0
github.com/raditpan/prodConfigChecker/cmd/html_helper.go:52.76,54.29 2 1
github.com/raditpan/prodConfigChecker/cmd/html_helper.go:72.2,72.22 1 1
github.com/raditpan/prodConfigChecker/cmd/html_helper.go:54.29,57.15 2 1
github.com/raditpan/prodConfigChecker/cmd/html_helper.go:61.3,61.20 1 1
github.com/raditpan/prodConfigChecker/cmd/html_helper.go:57.15,59.4 1 1
github.com/raditpan/prodConfigChecker/cmd/html_helper.go:62.34,65.37 3 1
github.com/raditpan/prodConfigChecker/cmd/html_helper.go:66.33,69.38 3 1
github.com/raditpan/prodConfigChecker/cmd/html_helper.go:76.77,78.29 2 1
github.com/raditpan/prodConfigChecker/cmd/html_helper.go:96.2,96.22 1 1
github.com/raditpan/prodConfigChecker/cmd/html_helper.go:78.29,81.15 2 1
github.com/raditpan/prodConfigChecker/cmd/html_helper.go:85.3,85.20 1 1
github.com/raditpan/prodConfigChecker/cmd/html_helper.go:81.15,83.4 1 1
github.com/raditpan/prodConfigChecker/cmd/html_helper.go:86.34,89.38 3 1
github.com/raditpan/prodConfigChecker/cmd/html_helper.go:90.33,93.38 3 1
github.com/raditpan/prodConfigChecker/cmd/root.go:44.16,46.2 1 0
github.com/raditpan/prodConfigChecker/cmd/root.go:48.13,60.2 3 1
github.com/raditpan/prodConfigChecker/cmd/root.go:63.19,64.19 1 0
github.com/raditpan/prodConfigChecker/cmd/root.go:77.2,80.45 2 0
github.com/raditpan/prodConfigChecker/cmd/root.go:64.19,67.3 1 0
github.com/raditpan/prodConfigChecker/cmd/root.go:67.8,75.3 4 0
github.com/raditpan/prodConfigChecker/cmd/root.go:80.45,82.3 1 0
github.com/raditpan/prodConfigChecker/cmd/run.go:52.54,53.20 1 0
github.com/raditpan/prodConfigChecker/cmd/run.go:56.3,56.13 1 0
github.com/raditpan/prodConfigChecker/cmd/run.go:53.20,55.4 1 0
github.com/raditpan/prodConfigChecker/cmd/run.go:58.47,65.20 4 0
github.com/raditpan/prodConfigChecker/cmd/run.go:73.3,79.54 5 0
github.com/raditpan/prodConfigChecker/cmd/run.go:65.20,68.4 1 0
github.com/raditpan/prodConfigChecker/cmd/run.go:68.9,71.4 1 0
github.com/raditpan/prodConfigChecker/cmd/run.go:83.81,86.16 3 1
github.com/raditpan/prodConfigChecker/cmd/run.go:90.2,90.25 1 1
github.com/raditpan/prodConfigChecker/cmd/run.go:97.2,97.17 1 1
github.com/raditpan/prodConfigChecker/cmd/run.go:86.16,87.13 1 0
github.com/raditpan/prodConfigChecker/cmd/run.go:90.25,92.46 1 1
github.com/raditpan/prodConfigChecker/cmd/run.go:92.46,94.10 1 1
github.com/raditpan/prodConfigChecker/cmd/run.go:100.100,103.16 2 1
github.com/raditpan/prodConfigChecker/cmd/run.go:107.2,107.31 1 1
github.com/raditpan/prodConfigChecker/cmd/run.go:103.16,104.14 1 0
github.com/raditpan/prodConfigChecker/cmd/run.go:110.112,114.26 2 1
github.com/raditpan/prodConfigChecker/cmd/run.go:144.2,144.18 1 1
github.com/raditpan/prodConfigChecker/cmd/run.go:114.26,124.22 6 1
github.com/raditpan/prodConfigChecker/cmd/run.go:129.3,129.15 1 1
github.com/raditpan/prodConfigChecker/cmd/run.go:135.3,141.38 5 1
github.com/raditpan/prodConfigChecker/cmd/run.go:124.22,126.12 1 1
github.com/raditpan/prodConfigChecker/cmd/run.go:129.15,133.4 3 0
github.com/raditpan/prodConfigChecker/cmd/run.go:147.39,150.2 2 1
github.com/raditpan/prodConfigChecker/cmd/run.go:152.13,167.2 3 1
