mode: set
github.com/raditpan/prodConfigChecker/cmd/root.go:44.16,46.2 1 0
github.com/raditpan/prodConfigChecker/cmd/root.go:48.13,60.2 3 1
github.com/raditpan/prodConfigChecker/cmd/root.go:63.19,64.19 1 0
github.com/raditpan/prodConfigChecker/cmd/root.go:77.2,80.45 2 0
github.com/raditpan/prodConfigChecker/cmd/root.go:64.19,67.3 1 0
github.com/raditpan/prodConfigChecker/cmd/root.go:67.8,75.3 4 0
github.com/raditpan/prodConfigChecker/cmd/root.go:80.45,82.3 1 0
github.com/raditpan/prodConfigChecker/cmd/run.go:52.54,53.20 1 0
github.com/raditpan/prodConfigChecker/cmd/run.go:56.3,56.13 1 0
github.com/raditpan/prodConfigChecker/cmd/run.go:53.20,55.4 1 0
github.com/raditpan/prodConfigChecker/cmd/run.go:58.47,65.20 4 0
github.com/raditpan/prodConfigChecker/cmd/run.go:73.3,81.54 7 0
github.com/raditpan/prodConfigChecker/cmd/run.go:65.20,68.4 1 0
github.com/raditpan/prodConfigChecker/cmd/run.go:68.9,71.4 1 0
github.com/raditpan/prodConfigChecker/cmd/run.go:85.98,88.16 3 1
github.com/raditpan/prodConfigChecker/cmd/run.go:92.2,92.26 1 1
github.com/raditpan/prodConfigChecker/cmd/run.go:99.2,99.17 1 1
github.com/raditpan/prodConfigChecker/cmd/run.go:88.16,89.13 1 1
github.com/raditpan/prodConfigChecker/cmd/run.go:92.26,94.54 1 1
github.com/raditpan/prodConfigChecker/cmd/run.go:94.54,96.4 1 1
github.com/raditpan/prodConfigChecker/cmd/run.go:102.100,105.17 2 1
github.com/raditpan/prodConfigChecker/cmd/run.go:109.2,109.31 1 1
github.com/raditpan/prodConfigChecker/cmd/run.go:105.17,107.3 1 1
github.com/raditpan/prodConfigChecker/cmd/run.go:112.76,113.26 1 1
github.com/raditpan/prodConfigChecker/cmd/run.go:126.2,126.15 1 1
github.com/raditpan/prodConfigChecker/cmd/run.go:113.26,115.34 2 1
github.com/raditpan/prodConfigChecker/cmd/run.go:121.9,121.19 1 1
github.com/raditpan/prodConfigChecker/cmd/run.go:115.34,116.37 1 1
github.com/raditpan/prodConfigChecker/cmd/run.go:116.37,118.22 2 1
github.com/raditpan/prodConfigChecker/cmd/run.go:121.19,123.10 1 1
github.com/raditpan/prodConfigChecker/cmd/run.go:129.112,133.26 2 1
github.com/raditpan/prodConfigChecker/cmd/run.go:174.2,174.18 1 1
github.com/raditpan/prodConfigChecker/cmd/run.go:133.26,143.67 6 1
github.com/raditpan/prodConfigChecker/cmd/run.go:148.3,148.14 1 1
github.com/raditpan/prodConfigChecker/cmd/run.go:154.3,158.68 3 1
github.com/raditpan/prodConfigChecker/cmd/run.go:171.3,171.38 1 1
github.com/raditpan/prodConfigChecker/cmd/run.go:143.67,145.12 1 1
github.com/raditpan/prodConfigChecker/cmd/run.go:148.14,152.4 3 1
github.com/raditpan/prodConfigChecker/cmd/run.go:158.68,162.4 2 0
github.com/raditpan/prodConfigChecker/cmd/run.go:162.9,162.75 1 1
github.com/raditpan/prodConfigChecker/cmd/run.go:162.75,166.4 2 0
github.com/raditpan/prodConfigChecker/cmd/run.go:166.9,169.4 2 1
github.com/raditpan/prodConfigChecker/cmd/run.go:177.39,180.2 2 1
github.com/raditpan/prodConfigChecker/cmd/run.go:182.13,197.2 3 1
github.com/raditpan/prodConfigChecker/cmd/html_helper.go:19.71,29.37 7 1
github.com/raditpan/prodConfigChecker/cmd/html_helper.go:44.2,47.23 3 1
github.com/raditpan/prodConfigChecker/cmd/html_helper.go:29.37,42.3 12 1
github.com/raditpan/prodConfigChecker/cmd/html_helper.go:56.56,58.2 1 0
github.com/raditpan/prodConfigChecker/cmd/html_helper.go:60.76,62.29 2 1
github.com/raditpan/prodConfigChecker/cmd/html_helper.go:80.2,80.22 1 1
github.com/raditpan/prodConfigChecker/cmd/html_helper.go:62.29,65.15 2 1
github.com/raditpan/prodConfigChecker/cmd/html_helper.go:69.3,69.20 1 1
github.com/raditpan/prodConfigChecker/cmd/html_helper.go:65.15,67.4 1 1
github.com/raditpan/prodConfigChecker/cmd/html_helper.go:70.34,73.37 3 1
github.com/raditpan/prodConfigChecker/cmd/html_helper.go:74.33,77.38 3 1
github.com/raditpan/prodConfigChecker/cmd/html_helper.go:83.77,85.29 2 1
github.com/raditpan/prodConfigChecker/cmd/html_helper.go:103.2,103.22 1 1
github.com/raditpan/prodConfigChecker/cmd/html_helper.go:85.29,88.15 2 1
github.com/raditpan/prodConfigChecker/cmd/html_helper.go:92.3,92.20 1 1
github.com/raditpan/prodConfigChecker/cmd/html_helper.go:88.15,90.4 1 1
github.com/raditpan/prodConfigChecker/cmd/html_helper.go:93.34,96.38 3 1
github.com/raditpan/prodConfigChecker/cmd/html_helper.go:97.33,100.38 3 1
